app/build/intermediates/manifest_merge_blame_file/release/manifest-merger-blame-release-report.txt
1<?xml version="1.0" encoding="utf-8"?>
2<manifest xmlns:android="http://schemas.android.com/apk/res/android"
3    package="com.viconajz.audiostream"
4    android:versionCode="2"
5    android:versionName="1.1" >
6
7    <uses-sdk
8        android:minSdkVersion="19"
8-->src/main/AndroidManifest.xml
9        android:targetSdkVersion="29" />
9-->src/main/AndroidManifest.xml
10
11    <uses-permission android:name="android.permission.INTERNET" />
11-->src/main/AndroidManifest.xml:5:5-67
11-->src/main/AndroidManifest.xml:5:22-64
12    <uses-permission android:name="android.permission.WAKE_LOCK" />
12-->src/main/AndroidManifest.xml:6:5-68
12-->src/main/AndroidManifest.xml:6:22-65
13    <uses-permission android:name="android.permission.FOREGROUND_SERVICE" />
13-->src/main/AndroidManifest.xml:7:5-77
13-->src/main/AndroidManifest.xml:7:22-74
14    <uses-permission android:name="android.permission.ACCESS_NETWORK_STATE" />
14-->[com.google.android.exoplayer:exoplayer-core:2.10.8] AndroidManifest.xml:24:5-79
14-->[com.google.android.exoplayer:exoplayer-core:2.10.8] AndroidManifest.xml:24:22-76
15
16    <application
16-->src/main/AndroidManifest.xml:9:5-45:19
17        android:name="com.viconajz.audiostream.App"
17-->src/main/AndroidManifest.xml:10:9-28
18        android:allowBackup="true"
18-->src/main/AndroidManifest.xml:11:9-35
19        android:appComponentFactory="androidx.core.app.CoreComponentFactory"
19-->[androidx.core:core:1.1.0] AndroidManifest.xml:24:18-86
20        android:icon="@mipmap/ic_launcher"
20-->src/main/AndroidManifest.xml:12:9-43
21        android:label="@string/app_name"
21-->src/main/AndroidManifest.xml:13:9-41
22        android:roundIcon="@mipmap/ic_launcher_round"
22-->src/main/AndroidManifest.xml:14:9-54
23        android:supportsRtl="true"
23-->src/main/AndroidManifest.xml:15:9-35
24        android:theme="@style/AppTheme"
24-->src/main/AndroidManifest.xml:17:9-40
25        android:usesCleartextTraffic="true" >
25-->src/main/AndroidManifest.xml:16:9-44
26        <activity
26-->src/main/AndroidManifest.xml:18:9-26:20
27            android:name="com.viconajz.audiostream.ui.activities.MainActivity"
27-->src/main/AndroidManifest.xml:19:13-55
28            android:windowSoftInputMode="adjustResize" >
28-->src/main/AndroidManifest.xml:20:13-55
29            <intent-filter>
29-->src/main/AndroidManifest.xml:21:13-25:29
30                <action android:name="android.intent.action.MAIN" />
30-->src/main/AndroidManifest.xml:22:17-69
30-->src/main/AndroidManifest.xml:22:25-66
31
32                <category android:name="android.intent.category.LAUNCHER" />
32-->src/main/AndroidManifest.xml:24:17-77
32-->src/main/AndroidManifest.xml:24:27-74
33            </intent-filter>
34        </activity>
35
36        <service
36-->src/main/AndroidManifest.xml:28:9-30:61
37            android:name="com.viconajz.audiostream.ui.fragments.stream.StreamingService"
37-->src/main/AndroidManifest.xml:29:13-65
38            android:foregroundServiceType="mediaPlayback" />
38-->src/main/AndroidManifest.xml:30:13-58
39
40        <receiver
40-->src/main/AndroidManifest.xml:32:9-37:20
41            android:name="com.viconajz.audiostream.receivers.StreamPlayStopReceiver"
41-->src/main/AndroidManifest.xml:32:19-67
42            android:exported="false" >
42-->src/main/AndroidManifest.xml:32:68-92
43            <intent-filter>
43-->src/main/AndroidManifest.xml:33:13-36:29
44                <action android:name="com.viconajz.audiostream.services.PLAY" />
44-->src/main/AndroidManifest.xml:34:17-81
44-->src/main/AndroidManifest.xml:34:25-78
45                <action android:name="com.viconajz.audiostream.services.PAUSE" />
45-->src/main/AndroidManifest.xml:35:17-82
45-->src/main/AndroidManifest.xml:35:25-79
46            </intent-filter>
47        </receiver>
48        <receiver
48-->src/main/AndroidManifest.xml:39:9-44:20
49            android:name="com.viconajz.audiostream.receivers.BufferingReceiver"
49-->src/main/AndroidManifest.xml:39:19-62
50            android:exported="false" >
50-->src/main/AndroidManifest.xml:39:63-87
51            <intent-filter>
51-->src/main/AndroidManifest.xml:40:13-43:29
52                <action android:name="BUFFERING" />
52-->src/main/AndroidManifest.xml:41:17-52
52-->src/main/AndroidManifest.xml:41:25-49
53                <action android:name="UPDATE_PLAYER" />
53-->src/main/AndroidManifest.xml:42:17-56
53-->src/main/AndroidManifest.xml:42:25-53
54            </intent-filter>
55        </receiver>
56    </application>
57
58</manifest>